ç”¨æˆ·è¾“å…¥ï¼š55
éæ³•é€‰é¡¹è¾“å…¥
ç”¨æˆ·è¾“å…¥ï¼š68
éæ³•é€‰é¡¹è¾“å…¥
ç”¨æˆ·è¾“å…¥ï¼š-16
éæ³•é€‰é¡¹è¾“å…¥
ç”¨æˆ·è¾“å…¥ï¼š-40
éæ³•é€‰é¡¹è¾“å…¥
ç”¨æˆ·è¾“å…¥ï¼š0
æœ‰æ•ˆé€‰é¡¹å·²é€‰æ‹©ï¼š0
é€‰é¡¹å·²å®Œæˆï¼å³å°†è¿›å…¥ä¸‹ä¸€ä¸ªèŠ‚ç‚¹ï¼š
optionIndex: 0 next: CanteenStaff_END
node.options.size()=0
Exit node
------------------
Move Success!
AC_NPC
Got name!CanteenStaff
node.options.size()=2
ç”¨æˆ·è¾“å…¥ï¼š0
æœ‰æ•ˆé€‰é¡¹å·²é€‰æ‹©ï¼š0
é€‰é¡¹å·²å®Œæˆï¼å³å°†è¿›å…¥ä¸‹ä¸€ä¸ªèŠ‚ç‚¹ï¼š
optionIndex: 0 next: CanteenStaff_CanteenStaff_buy_result
å±æ€§å€¼è¶Šç•Œ
node.options.size()=2
ç”¨æˆ·è¾“å…¥ï¼š0
æœ‰æ•ˆé€‰é¡¹å·²é€‰æ‹©ï¼š0
é€‰é¡¹å·²å®Œæˆï¼å³å°†è¿›å…¥ä¸‹ä¸€ä¸ªèŠ‚ç‚¹ï¼š
optionIndex: 0 next: CanteenStaff_END
node.options.size()=0
Exit node
Get event: quit
Save Success!
Init: Pro
Init: back
Init: input
Init view
Init scene
å¼€å§‹processMap: 0 0
Load the fucking Map
è¿è¡Œæ¸¸æˆ...
DEBUG...
Get event: move
æ™®é€šç§»åŠ¨
i
NPCid: -1
------------------
Move Success!
æ™®é€šç§»åŠ¨
i
NPCid: -1
------------------
Move Success!
æ™®é€šç§»åŠ¨
i
NPCid: -1
------------------
Move Success!
æ™®é€šç§»åŠ¨
i
NPCid: -1
------------------
Move Success!
æ™®é€šç§»åŠ¨
i
NPCid: -1
------------------
Move Success!
æ™®é€šç§»åŠ¨
i
NPCid: -1
------------------
Move Success!
æ™®é€šç§»åŠ¨
i
NPCid: -1
------------------
Move Success!
æ™®é€šç§»åŠ¨
i
NPCid: -1
------------------
Move Success!
æ™®é€šç§»åŠ¨
i
NPCid: -1
------------------
Move Success!
æ™®é€šç§»åŠ¨
i
NPCid: -1
------------------
Move Success!
æ™®é€šç§»åŠ¨
i
NPCid: -1
------------------
Move Success!
æ™®é€šç§»åŠ¨
i
NPCid: -1
------------------
Move Success!
æ™®é€šç§»åŠ¨
i
NPCid: -1
------------------
Move Success!
æ™®é€šç§»åŠ¨
i
NPCid: -1
------------------
Move Success!
æ™®é€šç§»åŠ¨
i
NPCid: -1
------------------
Move Success!
æ™®é€šç§»åŠ¨
i
NPCid: -1
------------------
Move Success!
æ™®é€šç§»åŠ¨
i
NPCid: -1
------------------
Move Success!
æ™®é€šç§»åŠ¨
i
NPCid: -1
------------------
Move Success!
æ™®é€šç§»åŠ¨
i
NPCid: -1
------------------
Move Success!
default
NPCid: 115
------------------
Move Success!
AC_NPC
Got name!Student
node.options.size()=2
ç”¨æˆ·è¾“å…¥ï¼š71
éæ³•é€‰é¡¹è¾“å…¥
ç”¨æˆ·è¾“å…¥ï¼š0
æœ‰æ•ˆé€‰é¡¹å·²é€‰æ‹©ï¼š0
é€‰é¡¹å·²å®Œæˆï¼å³å°†è¿›å…¥ä¸‹ä¸€ä¸ªèŠ‚ç‚¹ï¼š
optionIndex: 0 next: Student_Student_teach_result
node.options.size()=0
Exit node
Get event: move
æ™®é€šç§»åŠ¨
i
NPCid: -1
------------------
Move Success!
æ™®é€šç§»åŠ¨
i
NPCid: -1
------------------
Move Success!
æ™®é€šç§»åŠ¨
i
NPCid: -1
------------------
Move Success!
æ™®é€šç§»åŠ¨
i
NPCid: -1
------------------
Move Success!
æ™®é€šç§»åŠ¨
i
NPCid: -1
------------------
Move Success!
æ™®é€šç§»åŠ¨
i
NPCid: -1
------------------
Move Success!
æ™®é€šç§»åŠ¨
i
NPCid: -1
------------------
Move Success!
æ™®é€šç§»åŠ¨
i
NPCid: -1
------------------
Move Success!
æ™®é€šç§»åŠ¨
i
NPCid: -1
------------------
Move Success!
æ™®é€šç§»åŠ¨
i
NPCid: -1
------------------
Move Success!
æ™®é€šç§»åŠ¨
i
NPCid: -1
------------------
Move Success!
æ™®é€šç§»åŠ¨
i
NPCid: -1
------------------
Move Success!
æ™®é€šç§»åŠ¨
i
NPCid: -1
------------------
Move Success!
å¢™å£/ç©ºé—´ç‹­å°
NPCid: -1
------------------
Move Success!
å¢™å£/ç©ºé—´ç‹­å°
NPCid: -1
------------------
Move Success!
å¢™å£/ç©ºé—´ç‹­å°
NPCid: -1
------------------
Move Success!
å¢™å£/ç©ºé—´ç‹­å°
NPCid: -1
------------------
Move Success!
å¢™å£/ç©ºé—´ç‹­å°
NPCid: -1
------------------
Move Success!
å¢™å£/ç©ºé—´ç‹­å°
NPCid: -1
------------------
Move Success!
æ™®é€šç§»åŠ¨
i
NPCid: -1
------------------
Move Success!
e
NPCid: 0
------------------
Move Success!
JUMP0
key ok 
sceneCareer
------------------
Move Success!
JUMP0
key ok 
sceneCanteen
å¼€å§‹processMap: 0 0
Load the fucking Map
------------------
Move Success!
JUMP0
key ok 
sceneCareer
------------------
Move Success!
JUMP0
key ok 
sceneCanteen
å¼€å§‹processMap: 0 0
Load the fucking Map
æ™®é€šç§»åŠ¨
i
NPCid: -1
------------------
Move Success!
------------------
Move Success!
æ™®é€šç§»åŠ¨
i
NPCid: -1
------------------
Move Success!
æ™®é€šç§»åŠ¨
i
NPCid: -1
------------------
Move Success!
e
NPCid: 3
------------------
Move Success!
JUMP3
key ok 
sceneDormitory
å¼€å§‹processMap: 0 0
------------------
Move Success!
JUMP3
key ok 
sceneLibrary
å¼€å§‹processMap: 0 0
Get event: qquit
Get event: quit
Save Success!
