Init: Pro
Init: back
Init: input
Init view
Init scene
项目配置异常
创建用户存档目录: saves
创建用户名单文件: saves\users.txt
运行游戏...
DEBUG...
Get event: 
Get event: 
Get event: 
Get event: 
Get event: 
Get event: 
Get event: 
Get event: 
Get event: 
Get event: 
Get event: 
Get event: 
Get event: quit
Save Success!
Init: Pro
Init: back
Init: input
Init view
Init scene
项目配置异常
运行游戏...
DEBUG...
Get event: 
Get event: 
Get event: quit
Save Success!
Init: Pro
Init: back
Init: input
Init view
Init scene
项目配置异常
运行游戏...
DEBUG...
Get event: quit
Save Success!
Init: Pro
Init: back
Init: input
Init view
Init scene
项目配置异常
Init: Pro
Init: back
Init: input
Init view
Init scene
项目配置异常
Init: Pro
Init: back
Init: input
Init view
Init scene
项目配置异常
Init: Pro
Init: back
Init: input
Init view
Init scene
项目配置异常
